
> vios-site@0.0.1 build
> astro build

[2m10:40:13[22m [34m[content][39m Syncing content
[2m10:40:13[22m [34m[content][39m Synced content
[2m10:40:13[22m [34m[types][39m Generated [2m468ms[22m
[2m10:40:13[22m [34m[build][39m output: [34m"static"[39m
[2m10:40:13[22m [34m[build][39m mode: [34m"static"[39m
[2m10:40:13[22m [34m[build][39m directory: [34mD:\Workspace\vios\vios.science\dist\[39m
[2m10:40:13[22m [34m[build][39m Collecting build info...
[2m10:40:13[22m [34m[build][39m [32m鉁?Completed in 495ms.[39m
[2m10:40:13[22m [34m[build][39m Building static entrypoints...
[2m10:40:15[22m [34m[vite][39m [32m鉁?built in 2.10s[39m
[2m10:40:15[22m [34m[build][39m [32m鉁?Completed in 2.13s.[39m

[42m[30m generating static routes [39m[49m
[2m10:40:15[22m [32m鈻?[39m src/pages/code.astro
[2m10:40:15[22m   [34m鈹斺攢[39m [2m/code/index.html[22m [2m(+9ms)[22m 
[2m10:40:15[22m [32m鈻?[39m src/pages/join.astro
[2m10:40:15[22m   [34m鈹斺攢[39m [2m/join/index.html[22m [2m(+20ms)[22m 
[2m10:40:15[22m [32m鈻?[39m src/pages/news.astro
[2m10:40:15[22m   [34m鈹斺攢[39m [2m/news/index.html[22m [2m(+99ms)[22m 
[2m10:40:16[22m [32m鈻?[39m src/pages/publications.astro
[2m10:40:16[22m   [34m鈹斺攢[39m [2m/publications/index.html[22m [2m(+2ms)[22m 
[2m10:40:16[22m [32m鈻?[39m src/pages/research.astro
[2m10:40:16[22m   [34m鈹斺攢[39m [2m/research/index.html[22m [2m(+10ms)[22m 
[2m10:40:16[22m [32m鈻?[39m src/pages/team.astro
[2m10:40:16[22m   [34m鈹斺攢[39m [2m/team/index.html[22m [2m(+9ms)[22m 
[2m10:40:16[22m [32m鈻?[39m src/pages/tutorials/[slug].astro
[2m10:40:16[22m   [34m鈹溾攢[39m [2m/tutorials/diffusion2023/index.html[22m [2m(+9ms)[22m 
[2m10:40:16[22m   [34m鈹溾攢[39m [2m/tutorials/dream2020/index.html[22m [2m(+7ms)[22m 
[2m10:40:16[22m   [34m鈹溾攢[39m [2m/tutorials/diffusion2024/index.html[22m [2m(+10ms)[22m 
[2m10:40:16[22m   [34m鈹斺攢[39m [2m/tutorials/dream2021/index.html[22m [2m(+8ms)[22m 
[2m10:40:16[22m [32m鈻?[39m src/pages/tutorials.astro
[2m10:40:16[22m   [34m鈹斺攢[39m [2m/tutorials/index.html[22m [2m(+4ms)[22m 
[2m10:40:16[22m [32m鈻?[39m src/pages/index.astro
[2m10:40:16[22m   [34m鈹斺攢[39m [2m/index.html[22m [2m(+4ms)[22m 
[2m10:40:16[22m [32m鉁?Completed in 255ms.
[39m
[2m10:40:16[22m [34m[build][39m 12 page(s) built in [1m3.13s[22m
[2m10:40:16[22m [34m[build][39m [1mComplete![22m
